Connecting to database specified by database.yml
Connecting to database specified by database.yml
Connecting to database specified by database.yml
DEPRECATION WARNING: You didn't set config.secret_key_base. Read the upgrade documentation to learn more about this new config option. (called from service at /home/saasbook/.rvm/rubies/ruby-2.0.0-p353/lib/ruby/2.0.0/webrick/httpserver.rb:138)


Started GET "/assets/rails.png" for 127.0.0.1 at 2014-03-30 02:25:59 -0300


Started GET "/static_pages/home" for 127.0.0.1 at 2014-03-30 02:26:45 -0300
Processing by StaticPagesController#home as HTML
  Rendered static_pages/home.html.erb within layouts/application (8.9ms)
Completed 500 Internal Server Error in 56ms

ActionView::Template::Error (undefined method `full_title' for #<#<Class:0xaa824c4>:0xaa81b64>):
    1: <!DOCTYPE html>
    2: <html>
    3:   <head>
    4:     <title><%= full_title(yield(:title)) %></title>
    5:     <%= stylesheet_link_tag "application", media: "all",
    6:                                            "data-turbolinks-track" => true %>
    7:     <%= javascript_include_tag "application", "data-turbolinks-track" => true %>
  app/views/layouts/application.html.erb:4:in `_app_views_layouts_application_html_erb__119879248_89427600'


  Rendered /home/saasbook/.rvm/gems/ruby-2.0.0-p353/gems/actionpack-4.0.4/lib/action_dispatch/middleware/templates/rescues/_trace.erb (1.5ms)
  Rendered /home/saasbook/.rvm/gems/ruby-2.0.0-p353/gems/actionpack-4.0.4/lib/action_dispatch/middleware/templates/rescues/_request_and_response.erb (1.8ms)
  Rendered /home/saasbook/.rvm/gems/ruby-2.0.0-p353/gems/actionpack-4.0.4/lib/action_dispatch/middleware/templates/rescues/template_error.erb within rescues/layout (34.3ms)
DEPRECATION WARNING: You didn't set config.secret_key_base. Read the upgrade documentation to learn more about this new config option. (called from service at /home/saasbook/.rvm/rubies/ruby-2.0.0-p353/lib/ruby/2.0.0/webrick/httpserver.rb:138)


Started GET "/static_pages/home" for 127.0.0.1 at 2014-03-30 05:50:33 -0300
Processing by StaticPagesController#home as HTML
  Rendered static_pages/home.html.erb within layouts/application (6.4ms)
Completed 500 Internal Server Error in 56ms

ActionView::Template::Error (undefined method `full_title' for #<#<Class:0x9e64b60>:0x9e6b230>):
    1: <!DOCTYPE html>
    2: <html>
    3:   <head>
    4:     <title><%= full_title(yield(:title)) %></title>
    5:     <%= stylesheet_link_tag "application", media: "all",
    6:                                            "data-turbolinks-track" => true %>
    7:     <%= javascript_include_tag "application", "data-turbolinks-track" => true %>
  app/views/layouts/application.html.erb:4:in `_app_views_layouts_application_html_erb__1027881645_83094660'


  Rendered /home/saasbook/.rvm/gems/ruby-2.0.0-p353/gems/actionpack-4.0.4/lib/action_dispatch/middleware/templates/rescues/_trace.erb (2.4ms)
  Rendered /home/saasbook/.rvm/gems/ruby-2.0.0-p353/gems/actionpack-4.0.4/lib/action_dispatch/middleware/templates/rescues/_request_and_response.erb (2.3ms)
  Rendered /home/saasbook/.rvm/gems/ruby-2.0.0-p353/gems/actionpack-4.0.4/lib/action_dispatch/middleware/templates/rescues/template_error.erb within rescues/layout (18.0ms)


Started GET "/static_pages/home" for 127.0.0.1 at 2014-03-30 05:50:38 -0300
Processing by StaticPagesController#home as HTML
  Rendered static_pages/home.html.erb within layouts/application (1.0ms)
Completed 500 Internal Server Error in 45ms

ActionView::Template::Error (undefined method `full_title' for #<#<Class:0x9e64b60>:0xb5f80f9c>):
    1: <!DOCTYPE html>
    2: <html>
    3:   <head>
    4:     <title><%= full_title(yield(:title)) %></title>
    5:     <%= stylesheet_link_tag "application", media: "all",
    6:                                            "data-turbolinks-track" => true %>
    7:     <%= javascript_include_tag "application", "data-turbolinks-track" => true %>
  app/views/layouts/application.html.erb:4:in `_app_views_layouts_application_html_erb__1027881645_83094660'


  Rendered /home/saasbook/.rvm/gems/ruby-2.0.0-p353/gems/actionpack-4.0.4/lib/action_dispatch/middleware/templates/rescues/_trace.erb (1.5ms)
  Rendered /home/saasbook/.rvm/gems/ruby-2.0.0-p353/gems/actionpack-4.0.4/lib/action_dispatch/middleware/templates/rescues/_request_and_response.erb (1.3ms)
  Rendered /home/saasbook/.rvm/gems/ruby-2.0.0-p353/gems/actionpack-4.0.4/lib/action_dispatch/middleware/templates/rescues/template_error.erb within rescues/layout (25.8ms)


Started GET "/static_pages/home" for 127.0.0.1 at 2014-03-30 05:50:39 -0300
Processing by StaticPagesController#home as HTML
  Rendered static_pages/home.html.erb within layouts/application (0.3ms)
Completed 500 Internal Server Error in 15ms

ActionView::Template::Error (undefined method `full_title' for #<#<Class:0x9e64b60>:0x9d31770>):
    1: <!DOCTYPE html>
    2: <html>
    3:   <head>
    4:     <title><%= full_title(yield(:title)) %></title>
    5:     <%= stylesheet_link_tag "application", media: "all",
    6:                                            "data-turbolinks-track" => true %>
    7:     <%= javascript_include_tag "application", "data-turbolinks-track" => true %>
  app/views/layouts/application.html.erb:4:in `_app_views_layouts_application_html_erb__1027881645_83094660'


  Rendered /home/saasbook/.rvm/gems/ruby-2.0.0-p353/gems/actionpack-4.0.4/lib/action_dispatch/middleware/templates/rescues/_trace.erb (5.5ms)
  Rendered /home/saasbook/.rvm/gems/ruby-2.0.0-p353/gems/actionpack-4.0.4/lib/action_dispatch/middleware/templates/rescues/_request_and_response.erb (1.2ms)
  Rendered /home/saasbook/.rvm/gems/ruby-2.0.0-p353/gems/actionpack-4.0.4/lib/action_dispatch/middleware/templates/rescues/template_error.erb within rescues/layout (26.7ms)


Started GET "/static_pages/home" for 127.0.0.1 at 2014-03-30 05:51:11 -0300
Processing by StaticPagesController#home as HTML
  Rendered static_pages/home.html.erb within layouts/application (4.7ms)
Completed 500 Internal Server Error in 18ms

ActionView::Template::Error (undefined method `full_title' for #<#<Class:0x9e64b60>:0x9ea3568>):
    1: <!DOCTYPE html>
    2: <html>
    3:   <head>
    4:     <title><%= full_title(yield(:title)) %></title>
    5:     <%= stylesheet_link_tag "application", media: "all",
    6:                                            "data-turbolinks-track" => true %>
    7:     <%= javascript_include_tag "application", "data-turbolinks-track" => true %>
  app/views/layouts/application.html.erb:4:in `_app_views_layouts_application_html_erb__1027881645_83094660'


  Rendered /home/saasbook/.rvm/gems/ruby-2.0.0-p353/gems/actionpack-4.0.4/lib/action_dispatch/middleware/templates/rescues/_trace.erb (6.4ms)
  Rendered /home/saasbook/.rvm/gems/ruby-2.0.0-p353/gems/actionpack-4.0.4/lib/action_dispatch/middleware/templates/rescues/_request_and_response.erb (1.3ms)
  Rendered /home/saasbook/.rvm/gems/ruby-2.0.0-p353/gems/actionpack-4.0.4/lib/action_dispatch/middleware/templates/rescues/template_error.erb within rescues/layout (21.6ms)
DEPRECATION WARNING: You didn't set config.secret_key_base. Read the upgrade documentation to learn more about this new config option. (called from service at /home/saasbook/.rvm/rubies/ruby-2.0.0-p353/lib/ruby/2.0.0/webrick/httpserver.rb:138)


Started GET "/static_pages/home" for 127.0.0.1 at 2014-03-30 10:22:47 -0300

ActionController::RoutingError (No route matches [GET] "/static_pages/home"):
  actionpack (4.0.4) lib/action_dispatch/middleware/debug_exceptions.rb:21:in `call'
  actionpack (4.0.4) lib/action_dispatch/middleware/show_exceptions.rb:30:in `call'
  railties (4.0.4) lib/rails/rack/logger.rb:38:in `call_app'
  railties (4.0.4) lib/rails/rack/logger.rb:20:in `block in call'
  activesupport (4.0.4) lib/active_support/tagged_logging.rb:68:in `block in tagged'
  activesupport (4.0.4) lib/active_support/tagged_logging.rb:26:in `tagged'
  activesupport (4.0.4) lib/active_support/tagged_logging.rb:68:in `tagged'
  railties (4.0.4) lib/rails/rack/logger.rb:20:in `call'
  actionpack (4.0.4) lib/action_dispatch/middleware/request_id.rb:21:in `call'
  rack (1.5.2) lib/rack/methodoverride.rb:21:in `call'
  rack (1.5.2) lib/rack/runtime.rb:17:in `call'
  activesupport (4.0.4) lib/active_support/cache/strategy/local_cache.rb:83:in `call'
  rack (1.5.2) lib/rack/lock.rb:17:in `call'
  actionpack (4.0.4) lib/action_dispatch/middleware/static.rb:64:in `call'
  rack (1.5.2) lib/rack/sendfile.rb:112:in `call'
  railties (4.0.4) lib/rails/engine.rb:511:in `call'
  railties (4.0.4) lib/rails/application.rb:97:in `call'
  rack (1.5.2) lib/rack/lock.rb:17:in `call'
  rack (1.5.2) lib/rack/content_length.rb:14:in `call'
  rack (1.5.2) lib/rack/handler/webrick.rb:60:in `service'
  /home/saasbook/.rvm/rubies/ruby-2.0.0-p353/lib/ruby/2.0.0/webrick/httpserver.rb:138:in `service'
  /home/saasbook/.rvm/rubies/ruby-2.0.0-p353/lib/ruby/2.0.0/webrick/httpserver.rb:94:in `run'
  /home/saasbook/.rvm/rubies/ruby-2.0.0-p353/lib/ruby/2.0.0/webrick/server.rb:295:in `block in start_thread'


  Rendered /home/saasbook/.rvm/gems/ruby-2.0.0-p353/gems/actionpack-4.0.4/lib/action_dispatch/middleware/templates/rescues/_trace.erb (7.9ms)
  Rendered /home/saasbook/.rvm/gems/ruby-2.0.0-p353/gems/actionpack-4.0.4/lib/action_dispatch/middleware/templates/routes/_route.html.erb (1.7ms)
  Rendered /home/saasbook/.rvm/gems/ruby-2.0.0-p353/gems/actionpack-4.0.4/lib/action_dispatch/middleware/templates/routes/_table.html.erb (12.0ms)
  Rendered /home/saasbook/.rvm/gems/ruby-2.0.0-p353/gems/actionpack-4.0.4/lib/action_dispatch/middleware/templates/rescues/routing_error.erb within rescues/layout (49.9ms)


Started GET "/help" for 127.0.0.1 at 2014-03-30 10:24:39 -0300
Processing by StaticPagesController#help as HTML
  Rendered static_pages/help.html.erb within layouts/application (0.5ms)
  Rendered layouts/_shim.html.erb (0.5ms)
  Rendered layouts/_header.html.erb (1.1ms)
  Rendered layouts/_footer.html.erb (1.5ms)
Completed 200 OK in 2659ms (Views: 2657.8ms | ActiveRecord: 0.0ms)


Started GET "/assets/application.css?body=1" for 127.0.0.1 at 2014-03-30 10:24:42 -0300


Started GET "/assets/static_pages.js?body=1" for 127.0.0.1 at 2014-03-30 10:24:42 -0300


Started GET "/assets/jquery_ujs.js?body=1" for 127.0.0.1 at 2014-03-30 10:24:42 -0300


Started GET "/assets/jquery.js?body=1" for 127.0.0.1 at 2014-03-30 10:24:42 -0300


Started GET "/assets/custom.css?body=1" for 127.0.0.1 at 2014-03-30 10:24:42 -0300


Started GET "/assets/static_pages.css?body=1" for 127.0.0.1 at 2014-03-30 10:24:42 -0300


Started GET "/assets/application.js?body=1" for 127.0.0.1 at 2014-03-30 10:24:42 -0300


Started GET "/about" for 127.0.0.1 at 2014-03-30 10:24:50 -0300
Processing by StaticPagesController#about as HTML
  Rendered static_pages/about.html.erb within layouts/application (0.8ms)
  Rendered layouts/_shim.html.erb (0.1ms)
  Rendered layouts/_header.html.erb (0.5ms)
  Rendered layouts/_footer.html.erb (0.2ms)
Completed 200 OK in 37ms (Views: 35.4ms | ActiveRecord: 0.0ms)


Started GET "/assets/application.css?body=1" for 127.0.0.1 at 2014-03-30 10:24:51 -0300


Started GET "/assets/custom.css?body=1" for 127.0.0.1 at 2014-03-30 10:24:51 -0300


Started GET "/assets/static_pages.js?body=1" for 127.0.0.1 at 2014-03-30 10:24:51 -0300


Started GET "/assets/static_pages.css?body=1" for 127.0.0.1 at 2014-03-30 10:24:51 -0300


Started GET "/assets/jquery_ujs.js?body=1" for 127.0.0.1 at 2014-03-30 10:24:51 -0300


Started GET "/assets/jquery.js?body=1" for 127.0.0.1 at 2014-03-30 10:24:51 -0300


Started GET "/assets/application.js?body=1" for 127.0.0.1 at 2014-03-30 10:24:51 -0300


Started GET "/home" for 127.0.0.1 at 2014-03-30 10:24:55 -0300

ActionController::RoutingError (No route matches [GET] "/home"):
  actionpack (4.0.4) lib/action_dispatch/middleware/debug_exceptions.rb:21:in `call'
  actionpack (4.0.4) lib/action_dispatch/middleware/show_exceptions.rb:30:in `call'
  railties (4.0.4) lib/rails/rack/logger.rb:38:in `call_app'
  railties (4.0.4) lib/rails/rack/logger.rb:20:in `block in call'
  activesupport (4.0.4) lib/active_support/tagged_logging.rb:68:in `block in tagged'
  activesupport (4.0.4) lib/active_support/tagged_logging.rb:26:in `tagged'
  activesupport (4.0.4) lib/active_support/tagged_logging.rb:68:in `tagged'
  railties (4.0.4) lib/rails/rack/logger.rb:20:in `call'
  actionpack (4.0.4) lib/action_dispatch/middleware/request_id.rb:21:in `call'
  rack (1.5.2) lib/rack/methodoverride.rb:21:in `call'
  rack (1.5.2) lib/rack/runtime.rb:17:in `call'
  activesupport (4.0.4) lib/active_support/cache/strategy/local_cache.rb:83:in `call'
  rack (1.5.2) lib/rack/lock.rb:17:in `call'
  actionpack (4.0.4) lib/action_dispatch/middleware/static.rb:64:in `call'
  rack (1.5.2) lib/rack/sendfile.rb:112:in `call'
  railties (4.0.4) lib/rails/engine.rb:511:in `call'
  railties (4.0.4) lib/rails/application.rb:97:in `call'
  rack (1.5.2) lib/rack/lock.rb:17:in `call'
  rack (1.5.2) lib/rack/content_length.rb:14:in `call'
  rack (1.5.2) lib/rack/handler/webrick.rb:60:in `service'
  /home/saasbook/.rvm/rubies/ruby-2.0.0-p353/lib/ruby/2.0.0/webrick/httpserver.rb:138:in `service'
  /home/saasbook/.rvm/rubies/ruby-2.0.0-p353/lib/ruby/2.0.0/webrick/httpserver.rb:94:in `run'
  /home/saasbook/.rvm/rubies/ruby-2.0.0-p353/lib/ruby/2.0.0/webrick/server.rb:295:in `block in start_thread'


  Rendered /home/saasbook/.rvm/gems/ruby-2.0.0-p353/gems/actionpack-4.0.4/lib/action_dispatch/middleware/templates/rescues/_trace.erb (9.1ms)
  Rendered /home/saasbook/.rvm/gems/ruby-2.0.0-p353/gems/actionpack-4.0.4/lib/action_dispatch/middleware/templates/routes/_route.html.erb (8.3ms)
  Rendered /home/saasbook/.rvm/gems/ruby-2.0.0-p353/gems/actionpack-4.0.4/lib/action_dispatch/middleware/templates/routes/_table.html.erb (1.4ms)
  Rendered /home/saasbook/.rvm/gems/ruby-2.0.0-p353/gems/actionpack-4.0.4/lib/action_dispatch/middleware/templates/rescues/routing_error.erb within rescues/layout (55.1ms)


Started GET "/home" for 127.0.0.1 at 2014-03-30 10:27:04 -0300

ActionController::RoutingError (No route matches [GET] "/home"):
  actionpack (4.0.4) lib/action_dispatch/middleware/debug_exceptions.rb:21:in `call'
  actionpack (4.0.4) lib/action_dispatch/middleware/show_exceptions.rb:30:in `call'
  railties (4.0.4) lib/rails/rack/logger.rb:38:in `call_app'
  railties (4.0.4) lib/rails/rack/logger.rb:20:in `block in call'
  activesupport (4.0.4) lib/active_support/tagged_logging.rb:68:in `block in tagged'
  activesupport (4.0.4) lib/active_support/tagged_logging.rb:26:in `tagged'
  activesupport (4.0.4) lib/active_support/tagged_logging.rb:68:in `tagged'
  railties (4.0.4) lib/rails/rack/logger.rb:20:in `call'
  actionpack (4.0.4) lib/action_dispatch/middleware/request_id.rb:21:in `call'
  rack (1.5.2) lib/rack/methodoverride.rb:21:in `call'
  rack (1.5.2) lib/rack/runtime.rb:17:in `call'
  activesupport (4.0.4) lib/active_support/cache/strategy/local_cache.rb:83:in `call'
  rack (1.5.2) lib/rack/lock.rb:17:in `call'
  actionpack (4.0.4) lib/action_dispatch/middleware/static.rb:64:in `call'
  rack (1.5.2) lib/rack/sendfile.rb:112:in `call'
  railties (4.0.4) lib/rails/engine.rb:511:in `call'
  railties (4.0.4) lib/rails/application.rb:97:in `call'
  rack (1.5.2) lib/rack/lock.rb:17:in `call'
  rack (1.5.2) lib/rack/content_length.rb:14:in `call'
  rack (1.5.2) lib/rack/handler/webrick.rb:60:in `service'
  /home/saasbook/.rvm/rubies/ruby-2.0.0-p353/lib/ruby/2.0.0/webrick/httpserver.rb:138:in `service'
  /home/saasbook/.rvm/rubies/ruby-2.0.0-p353/lib/ruby/2.0.0/webrick/httpserver.rb:94:in `run'
  /home/saasbook/.rvm/rubies/ruby-2.0.0-p353/lib/ruby/2.0.0/webrick/server.rb:295:in `block in start_thread'


  Rendered /home/saasbook/.rvm/gems/ruby-2.0.0-p353/gems/actionpack-4.0.4/lib/action_dispatch/middleware/templates/rescues/_trace.erb (8.1ms)
  Rendered /home/saasbook/.rvm/gems/ruby-2.0.0-p353/gems/actionpack-4.0.4/lib/action_dispatch/middleware/templates/routes/_route.html.erb (1.5ms)
  Rendered /home/saasbook/.rvm/gems/ruby-2.0.0-p353/gems/actionpack-4.0.4/lib/action_dispatch/middleware/templates/routes/_table.html.erb (3.6ms)
  Rendered /home/saasbook/.rvm/gems/ruby-2.0.0-p353/gems/actionpack-4.0.4/lib/action_dispatch/middleware/templates/rescues/routing_error.erb within rescues/layout (45.5ms)


Started GET "/home" for 127.0.0.1 at 2014-03-30 10:27:07 -0300

ActionController::RoutingError (No route matches [GET] "/home"):
  actionpack (4.0.4) lib/action_dispatch/middleware/debug_exceptions.rb:21:in `call'
  actionpack (4.0.4) lib/action_dispatch/middleware/show_exceptions.rb:30:in `call'
  railties (4.0.4) lib/rails/rack/logger.rb:38:in `call_app'
  railties (4.0.4) lib/rails/rack/logger.rb:20:in `block in call'
  activesupport (4.0.4) lib/active_support/tagged_logging.rb:68:in `block in tagged'
  activesupport (4.0.4) lib/active_support/tagged_logging.rb:26:in `tagged'
  activesupport (4.0.4) lib/active_support/tagged_logging.rb:68:in `tagged'
  railties (4.0.4) lib/rails/rack/logger.rb:20:in `call'
  actionpack (4.0.4) lib/action_dispatch/middleware/request_id.rb:21:in `call'
  rack (1.5.2) lib/rack/methodoverride.rb:21:in `call'
  rack (1.5.2) lib/rack/runtime.rb:17:in `call'
  activesupport (4.0.4) lib/active_support/cache/strategy/local_cache.rb:83:in `call'
  rack (1.5.2) lib/rack/lock.rb:17:in `call'
  actionpack (4.0.4) lib/action_dispatch/middleware/static.rb:64:in `call'
  rack (1.5.2) lib/rack/sendfile.rb:112:in `call'
  railties (4.0.4) lib/rails/engine.rb:511:in `call'
  railties (4.0.4) lib/rails/application.rb:97:in `call'
  rack (1.5.2) lib/rack/lock.rb:17:in `call'
  rack (1.5.2) lib/rack/content_length.rb:14:in `call'
  rack (1.5.2) lib/rack/handler/webrick.rb:60:in `service'
  /home/saasbook/.rvm/rubies/ruby-2.0.0-p353/lib/ruby/2.0.0/webrick/httpserver.rb:138:in `service'
  /home/saasbook/.rvm/rubies/ruby-2.0.0-p353/lib/ruby/2.0.0/webrick/httpserver.rb:94:in `run'
  /home/saasbook/.rvm/rubies/ruby-2.0.0-p353/lib/ruby/2.0.0/webrick/server.rb:295:in `block in start_thread'


  Rendered /home/saasbook/.rvm/gems/ruby-2.0.0-p353/gems/actionpack-4.0.4/lib/action_dispatch/middleware/templates/rescues/_trace.erb (13.8ms)
  Rendered /home/saasbook/.rvm/gems/ruby-2.0.0-p353/gems/actionpack-4.0.4/lib/action_dispatch/middleware/templates/routes/_route.html.erb (1.2ms)
  Rendered /home/saasbook/.rvm/gems/ruby-2.0.0-p353/gems/actionpack-4.0.4/lib/action_dispatch/middleware/templates/routes/_table.html.erb (2.3ms)
  Rendered /home/saasbook/.rvm/gems/ruby-2.0.0-p353/gems/actionpack-4.0.4/lib/action_dispatch/middleware/templates/rescues/routing_error.erb within rescues/layout (55.0ms)


Started GET "/about" for 127.0.0.1 at 2014-03-30 10:27:15 -0300
Processing by StaticPagesController#about as HTML
  Rendered static_pages/about.html.erb within layouts/application (0.1ms)
  Rendered layouts/_shim.html.erb (0.1ms)
  Rendered layouts/_header.html.erb (0.5ms)
  Rendered layouts/_footer.html.erb (0.2ms)
Completed 200 OK in 20ms (Views: 18.5ms | ActiveRecord: 0.0ms)


Started GET "/assets/application.css?body=1" for 127.0.0.1 at 2014-03-30 10:27:15 -0300


Started GET "/assets/custom.css?body=1" for 127.0.0.1 at 2014-03-30 10:27:15 -0300


Started GET "/assets/application.js?body=1" for 127.0.0.1 at 2014-03-30 10:27:15 -0300


Started GET "/assets/static_pages.js?body=1" for 127.0.0.1 at 2014-03-30 10:27:15 -0300


Started GET "/assets/jquery_ujs.js?body=1" for 127.0.0.1 at 2014-03-30 10:27:15 -0300


Started GET "/assets/jquery.js?body=1" for 127.0.0.1 at 2014-03-30 10:27:15 -0300


Started GET "/assets/static_pages.css?body=1" for 127.0.0.1 at 2014-03-30 10:27:15 -0300


Started GET "/home" for 127.0.0.1 at 2014-03-30 10:27:19 -0300

ActionController::RoutingError (No route matches [GET] "/home"):
  actionpack (4.0.4) lib/action_dispatch/middleware/debug_exceptions.rb:21:in `call'
  actionpack (4.0.4) lib/action_dispatch/middleware/show_exceptions.rb:30:in `call'
  railties (4.0.4) lib/rails/rack/logger.rb:38:in `call_app'
  railties (4.0.4) lib/rails/rack/logger.rb:20:in `block in call'
  activesupport (4.0.4) lib/active_support/tagged_logging.rb:68:in `block in tagged'
  activesupport (4.0.4) lib/active_support/tagged_logging.rb:26:in `tagged'
  activesupport (4.0.4) lib/active_support/tagged_logging.rb:68:in `tagged'
  railties (4.0.4) lib/rails/rack/logger.rb:20:in `call'
  actionpack (4.0.4) lib/action_dispatch/middleware/request_id.rb:21:in `call'
  rack (1.5.2) lib/rack/methodoverride.rb:21:in `call'
  rack (1.5.2) lib/rack/runtime.rb:17:in `call'
  activesupport (4.0.4) lib/active_support/cache/strategy/local_cache.rb:83:in `call'
  rack (1.5.2) lib/rack/lock.rb:17:in `call'
  actionpack (4.0.4) lib/action_dispatch/middleware/static.rb:64:in `call'
  rack (1.5.2) lib/rack/sendfile.rb:112:in `call'
  railties (4.0.4) lib/rails/engine.rb:511:in `call'
  railties (4.0.4) lib/rails/application.rb:97:in `call'
  rack (1.5.2) lib/rack/lock.rb:17:in `call'
  rack (1.5.2) lib/rack/content_length.rb:14:in `call'
  rack (1.5.2) lib/rack/handler/webrick.rb:60:in `service'
  /home/saasbook/.rvm/rubies/ruby-2.0.0-p353/lib/ruby/2.0.0/webrick/httpserver.rb:138:in `service'
  /home/saasbook/.rvm/rubies/ruby-2.0.0-p353/lib/ruby/2.0.0/webrick/httpserver.rb:94:in `run'
  /home/saasbook/.rvm/rubies/ruby-2.0.0-p353/lib/ruby/2.0.0/webrick/server.rb:295:in `block in start_thread'


  Rendered /home/saasbook/.rvm/gems/ruby-2.0.0-p353/gems/actionpack-4.0.4/lib/action_dispatch/middleware/templates/rescues/_trace.erb (1.4ms)
  Rendered /home/saasbook/.rvm/gems/ruby-2.0.0-p353/gems/actionpack-4.0.4/lib/action_dispatch/middleware/templates/routes/_route.html.erb (4.6ms)
  Rendered /home/saasbook/.rvm/gems/ruby-2.0.0-p353/gems/actionpack-4.0.4/lib/action_dispatch/middleware/templates/routes/_table.html.erb (1.3ms)
  Rendered /home/saasbook/.rvm/gems/ruby-2.0.0-p353/gems/actionpack-4.0.4/lib/action_dispatch/middleware/templates/rescues/routing_error.erb within rescues/layout (51.7ms)


Started GET "/" for 127.0.0.1 at 2014-03-30 10:29:02 -0300
Processing by StaticPagesController#home as HTML
  Rendered static_pages/home.html.erb within layouts/application (2.5ms)
  Rendered layouts/_shim.html.erb (0.1ms)
  Rendered layouts/_header.html.erb (0.5ms)
  Rendered layouts/_footer.html.erb (0.2ms)
Completed 200 OK in 31ms (Views: 30.1ms | ActiveRecord: 0.0ms)


Started GET "/assets/application.css?body=1" for 127.0.0.1 at 2014-03-30 10:29:02 -0300


Started GET "/assets/static_pages.css?body=1" for 127.0.0.1 at 2014-03-30 10:29:02 -0300


Started GET "/assets/application.js?body=1" for 127.0.0.1 at 2014-03-30 10:29:02 -0300


Started GET "/assets/static_pages.js?body=1" for 127.0.0.1 at 2014-03-30 10:29:02 -0300


Started GET "/assets/jquery_ujs.js?body=1" for 127.0.0.1 at 2014-03-30 10:29:02 -0300


Started GET "/assets/custom.css?body=1" for 127.0.0.1 at 2014-03-30 10:29:02 -0300


Started GET "/assets/jquery.js?body=1" for 127.0.0.1 at 2014-03-30 10:29:02 -0300


Started GET "/assets/rails.png" for 127.0.0.1 at 2014-03-30 10:29:02 -0300
DEPRECATION WARNING: You didn't set config.secret_key_base. Read the upgrade documentation to learn more about this new config option. (called from service at /home/saasbook/.rvm/rubies/ruby-2.0.0-p353/lib/ruby/2.0.0/webrick/httpserver.rb:138)


Started GET "/" for 127.0.0.1 at 2014-04-07 20:52:39 -0300
Processing by StaticPagesController#home as HTML
  Rendered static_pages/home.html.erb within layouts/application (17.1ms)
  Rendered layouts/_shim.html.erb (0.7ms)
  Rendered layouts/_header.html.erb (2.2ms)
  Rendered layouts/_footer.html.erb (0.7ms)
Completed 200 OK in 1229ms (Views: 1227.5ms | ActiveRecord: 0.0ms)


Started GET "/assets/application.css?body=1" for 127.0.0.1 at 2014-04-07 20:52:41 -0300


Started GET "/assets/jquery_ujs.js?body=1" for 127.0.0.1 at 2014-04-07 20:52:41 -0300


Started GET "/assets/jquery.js?body=1" for 127.0.0.1 at 2014-04-07 20:52:41 -0300


Started GET "/assets/users.css?body=1" for 127.0.0.1 at 2014-04-07 20:52:41 -0300


Started GET "/assets/static_pages.css?body=1" for 127.0.0.1 at 2014-04-07 20:52:41 -0300


Started GET "/assets/custom.css?body=1" for 127.0.0.1 at 2014-04-07 20:52:41 -0300


Started GET "/assets/static_pages.js?body=1" for 127.0.0.1 at 2014-04-07 20:52:41 -0300


Started GET "/assets/users.js?body=1" for 127.0.0.1 at 2014-04-07 20:52:41 -0300


Started GET "/assets/application.js?body=1" for 127.0.0.1 at 2014-04-07 20:52:41 -0300


Started GET "/assets/rails.png" for 127.0.0.1 at 2014-04-07 20:52:41 -0300
Connecting to database specified by database.yml


Started GET "/" for 127.0.0.1 at 2014-04-07 21:15:06 -0300
Processing by StaticPagesController#home as HTML
  Rendered static_pages/home.html.erb within layouts/application (2.8ms)
Compiled application.css  (1ms)  (pid 3332)
Compiled application.js  (0ms)  (pid 3332)
  Rendered layouts/_shim.html.erb (0.4ms)
  Rendered layouts/_header.html.erb (1.2ms)
  Rendered layouts/_footer.html.erb (1.2ms)
Completed 200 OK in 99ms (Views: 98.4ms | ActiveRecord: 0.0ms)


Started GET "/assets/application.css?body=1" for 127.0.0.1 at 2014-04-07 21:15:06 -0300
Served asset /application.css - 200 OK (57ms)


Started GET "/assets/application.js?body=1" for 127.0.0.1 at 2014-04-07 21:15:06 -0300
Served asset /application.js - 200 OK (1ms)


Started GET "/assets/rails.png" for 127.0.0.1 at 2014-04-07 21:15:06 -0300
Served asset /rails.png - 200 OK (7ms)


Started GET "/" for 127.0.0.1 at 2014-04-07 21:15:17 -0300
Processing by StaticPagesController#home as HTML
  Rendered static_pages/home.html.erb within layouts/application (1.0ms)
  Rendered layouts/_shim.html.erb (0.0ms)
  Rendered layouts/_header.html.erb (0.7ms)
  Rendered layouts/_footer.html.erb (0.2ms)
Completed 200 OK in 8ms (Views: 6.1ms | ActiveRecord: 0.0ms)


Started GET "/assets/application.css?body=1" for 127.0.0.1 at 2014-04-07 21:15:17 -0300
Served asset /application.css - 304 Not Modified (0ms)


Started GET "/assets/application.js?body=1" for 127.0.0.1 at 2014-04-07 21:15:17 -0300
Served asset /application.js - 304 Not Modified (0ms)


Started GET "/assets/rails.png" for 127.0.0.1 at 2014-04-07 21:15:17 -0300
Served asset /rails.png - 304 Not Modified (0ms)


Started GET "/" for 127.0.0.1 at 2014-04-07 21:15:20 -0300
Processing by StaticPagesController#home as HTML
  Rendered static_pages/home.html.erb within layouts/application (0.6ms)
  Rendered layouts/_shim.html.erb (0.0ms)
  Rendered layouts/_header.html.erb (0.5ms)
  Rendered layouts/_footer.html.erb (0.3ms)
Completed 200 OK in 15ms (Views: 15.2ms | ActiveRecord: 0.0ms)


Started GET "/assets/application.css?body=1" for 127.0.0.1 at 2014-04-07 21:15:20 -0300
Served asset /application.css - 304 Not Modified (0ms)


Started GET "/assets/application.js?body=1" for 127.0.0.1 at 2014-04-07 21:15:21 -0300
Served asset /application.js - 304 Not Modified (0ms)


Started GET "/assets/rails.png" for 127.0.0.1 at 2014-04-07 21:15:21 -0300
Served asset /rails.png - 304 Not Modified (0ms)


Started GET "/" for 127.0.0.1 at 2014-04-07 21:15:28 -0300
Processing by StaticPagesController#home as HTML
  Rendered static_pages/home.html.erb within layouts/application (0.3ms)
  Rendered layouts/_shim.html.erb (0.0ms)
  Rendered layouts/_header.html.erb (3.4ms)
  Rendered layouts/_footer.html.erb (3.1ms)
Completed 200 OK in 27ms (Views: 26.9ms | ActiveRecord: 0.0ms)


Started GET "/assets/application.css?body=1" for 127.0.0.1 at 2014-04-07 21:15:28 -0300
Served asset /application.css - 304 Not Modified (0ms)


Started GET "/assets/application.js?body=1" for 127.0.0.1 at 2014-04-07 21:15:28 -0300
Served asset /application.js - 304 Not Modified (0ms)


Started GET "/assets/rails.png" for 127.0.0.1 at 2014-04-07 21:15:28 -0300
Served asset /rails.png - 304 Not Modified (0ms)


Started GET "/" for 127.0.0.1 at 2014-04-07 21:15:50 -0300
Processing by StaticPagesController#home as HTML
  Rendered static_pages/home.html.erb within layouts/application (0.4ms)
  Rendered layouts/_shim.html.erb (0.0ms)
  Rendered layouts/_header.html.erb (0.3ms)
  Rendered layouts/_footer.html.erb (0.3ms)
Completed 200 OK in 26ms (Views: 25.7ms | ActiveRecord: 0.0ms)


Started GET "/assets/application.css?body=1" for 127.0.0.1 at 2014-04-07 21:15:50 -0300
Served asset /application.css - 304 Not Modified (0ms)


Started GET "/assets/application.js?body=1" for 127.0.0.1 at 2014-04-07 21:15:50 -0300
Served asset /application.js - 304 Not Modified (0ms)


Started GET "/assets/rails.png" for 127.0.0.1 at 2014-04-07 21:15:50 -0300
Served asset /rails.png - 304 Not Modified (0ms)


Started GET "/users" for 127.0.0.1 at 2014-04-07 21:33:45 -0300

ActionController::RoutingError (No route matches [GET] "/users"):
  actionpack (3.2.13) lib/action_dispatch/middleware/debug_exceptions.rb:21:in `call'
  actionpack (3.2.13) lib/action_dispatch/middleware/show_exceptions.rb:56:in `call'
  railties (3.2.13) lib/rails/rack/logger.rb:32:in `call_app'
  railties (3.2.13) lib/rails/rack/logger.rb:16:in `block in call'
  activesupport (3.2.13) lib/active_support/tagged_logging.rb:22:in `tagged'
  railties (3.2.13) lib/rails/rack/logger.rb:16:in `call'
  actionpack (3.2.13) lib/action_dispatch/middleware/request_id.rb:22:in `call'
  rack (1.4.5) lib/rack/methodoverride.rb:21:in `call'
  rack (1.4.5) lib/rack/runtime.rb:17:in `call'
  activesupport (3.2.13) lib/active_support/cache/strategy/local_cache.rb:72:in `call'
  rack (1.4.5) lib/rack/lock.rb:15:in `call'
  actionpack (3.2.13) lib/action_dispatch/middleware/static.rb:63:in `call'
  railties (3.2.13) lib/rails/engine.rb:479:in `call'
  railties (3.2.13) lib/rails/application.rb:223:in `call'
  rack (1.4.5) lib/rack/content_length.rb:14:in `call'
  railties (3.2.13) lib/rails/rack/log_tailer.rb:17:in `call'
  rack (1.4.5) lib/rack/handler/webrick.rb:59:in `service'
  /home/saasbook/.rvm/rubies/ruby-2.0.0-p353/lib/ruby/2.0.0/webrick/httpserver.rb:138:in `service'
  /home/saasbook/.rvm/rubies/ruby-2.0.0-p353/lib/ruby/2.0.0/webrick/httpserver.rb:94:in `run'
  /home/saasbook/.rvm/rubies/ruby-2.0.0-p353/lib/ruby/2.0.0/webrick/server.rb:295:in `block in start_thread'


  Rendered /home/saasbook/.rvm/gems/ruby-2.0.0-p353/gems/actionpack-3.2.13/lib/action_dispatch/middleware/templates/rescues/routing_error.erb within rescues/layout (0.7ms)


Started GET "/" for 127.0.0.1 at 2014-04-07 21:33:50 -0300
Processing by StaticPagesController#home as HTML
  Rendered static_pages/home.html.erb within layouts/application (0.3ms)
  Rendered layouts/_shim.html.erb (0.1ms)
  Rendered layouts/_header.html.erb (0.9ms)
  Rendered layouts/_footer.html.erb (0.3ms)
Completed 200 OK in 18ms (Views: 12.4ms | ActiveRecord: 0.0ms)


Started GET "/assets/application.css?body=1" for 127.0.0.1 at 2014-04-07 21:33:50 -0300
Served asset /application.css - 304 Not Modified (0ms)


Started GET "/assets/application.js?body=1" for 127.0.0.1 at 2014-04-07 21:33:50 -0300
Served asset /application.js - 304 Not Modified (0ms)


Started GET "/assets/rails.png" for 127.0.0.1 at 2014-04-07 21:33:50 -0300
Served asset /rails.png - 304 Not Modified (0ms)
Connecting to database specified by database.yml


Started GET "/" for 127.0.0.1 at 2014-04-07 21:37:44 -0300
Processing by StaticPagesController#home as HTML
  Rendered static_pages/home.html.erb within layouts/application (1.7ms)
  Rendered layouts/_shim.html.erb (0.4ms)
  Rendered layouts/_header.html.erb (1.7ms)
  Rendered layouts/_footer.html.erb (0.9ms)
Completed 200 OK in 45ms (Views: 38.7ms | ActiveRecord: 0.0ms)


Started GET "/assets/application.css?body=1" for 127.0.0.1 at 2014-04-07 21:37:44 -0300
Served asset /application.css - 304 Not Modified (1ms)


Started GET "/assets/application.js?body=1" for 127.0.0.1 at 2014-04-07 21:37:44 -0300
Served asset /application.js - 304 Not Modified (5ms)


Started GET "/assets/rails.png" for 127.0.0.1 at 2014-04-07 21:37:44 -0300
Served asset /rails.png - 304 Not Modified (1ms)
Connecting to database specified by database.yml


Started GET "/" for 127.0.0.1 at 2014-04-07 22:03:09 -0300
Processing by StaticPagesController#home as HTML
  Rendered static_pages/home.html.erb within layouts/application (1.4ms)
  Rendered layouts/_shim.html.erb (0.6ms)
  Rendered layouts/_header.html.erb (1.2ms)
  Rendered layouts/_footer.html.erb (1.8ms)
Completed 200 OK in 27ms (Views: 26.9ms | ActiveRecord: 0.0ms)


Started GET "/assets/application.css?body=1" for 127.0.0.1 at 2014-04-07 22:03:09 -0300
Served asset /application.css - 304 Not Modified (8ms)


Started GET "/assets/application.js?body=1" for 127.0.0.1 at 2014-04-07 22:03:09 -0300
Served asset /application.js - 304 Not Modified (1ms)


Started GET "/assets/rails.png" for 127.0.0.1 at 2014-04-07 22:03:09 -0300
Served asset /rails.png - 304 Not Modified (7ms)


Started GET "/home" for 127.0.0.1 at 2014-04-07 22:03:20 -0300

ActionController::RoutingError (No route matches [GET] "/home"):
  actionpack (3.2.13) lib/action_dispatch/middleware/debug_exceptions.rb:21:in `call'
  actionpack (3.2.13) lib/action_dispatch/middleware/show_exceptions.rb:56:in `call'
  railties (3.2.13) lib/rails/rack/logger.rb:32:in `call_app'
  railties (3.2.13) lib/rails/rack/logger.rb:16:in `block in call'
  activesupport (3.2.13) lib/active_support/tagged_logging.rb:22:in `tagged'
  railties (3.2.13) lib/rails/rack/logger.rb:16:in `call'
  actionpack (3.2.13) lib/action_dispatch/middleware/request_id.rb:22:in `call'
  rack (1.4.5) lib/rack/methodoverride.rb:21:in `call'
  rack (1.4.5) lib/rack/runtime.rb:17:in `call'
  activesupport (3.2.13) lib/active_support/cache/strategy/local_cache.rb:72:in `call'
  rack (1.4.5) lib/rack/lock.rb:15:in `call'
  actionpack (3.2.13) lib/action_dispatch/middleware/static.rb:63:in `call'
  railties (3.2.13) lib/rails/engine.rb:479:in `call'
  railties (3.2.13) lib/rails/application.rb:223:in `call'
  rack (1.4.5) lib/rack/content_length.rb:14:in `call'
  railties (3.2.13) lib/rails/rack/log_tailer.rb:17:in `call'
  rack (1.4.5) lib/rack/handler/webrick.rb:59:in `service'
  /home/saasbook/.rvm/rubies/ruby-2.0.0-p353/lib/ruby/2.0.0/webrick/httpserver.rb:138:in `service'
  /home/saasbook/.rvm/rubies/ruby-2.0.0-p353/lib/ruby/2.0.0/webrick/httpserver.rb:94:in `run'
  /home/saasbook/.rvm/rubies/ruby-2.0.0-p353/lib/ruby/2.0.0/webrick/server.rb:295:in `block in start_thread'


  Rendered /home/saasbook/.rvm/gems/ruby-2.0.0-p353/gems/actionpack-3.2.13/lib/action_dispatch/middleware/templates/rescues/routing_error.erb within rescues/layout (0.6ms)


Started GET "/" for 127.0.0.1 at 2014-04-07 22:03:27 -0300
Processing by StaticPagesController#home as HTML
  Rendered static_pages/home.html.erb within layouts/application (5.9ms)
  Rendered layouts/_shim.html.erb (0.1ms)
  Rendered layouts/_header.html.erb (5.4ms)
  Rendered layouts/_footer.html.erb (0.2ms)
Completed 200 OK in 26ms (Views: 25.3ms | ActiveRecord: 0.0ms)


Started GET "/assets/application.css?body=1" for 127.0.0.1 at 2014-04-07 22:03:27 -0300
Served asset /application.css - 304 Not Modified (0ms)


Started GET "/assets/application.js?body=1" for 127.0.0.1 at 2014-04-07 22:03:27 -0300
Served asset /application.js - 304 Not Modified (0ms)


Started GET "/assets/rails.png" for 127.0.0.1 at 2014-04-07 22:03:27 -0300
Served asset /rails.png - 304 Not Modified (0ms)


Started GET "/help" for 127.0.0.1 at 2014-04-07 22:03:32 -0300
Processing by StaticPagesController#help as HTML
  Rendered static_pages/help.html.erb within layouts/application (0.7ms)
  Rendered layouts/_shim.html.erb (0.1ms)
  Rendered layouts/_header.html.erb (0.9ms)
  Rendered layouts/_footer.html.erb (0.4ms)
Completed 200 OK in 23ms (Views: 22.4ms | ActiveRecord: 0.0ms)


Started GET "/assets/application.css?body=1" for 127.0.0.1 at 2014-04-07 22:03:32 -0300
Served asset /application.css - 304 Not Modified (0ms)


Started GET "/assets/application.js?body=1" for 127.0.0.1 at 2014-04-07 22:03:32 -0300
Served asset /application.js - 304 Not Modified (0ms)


Started GET "/contact" for 127.0.0.1 at 2014-04-07 22:03:56 -0300
Processing by StaticPagesController#contact as HTML
  Rendered static_pages/contact.html.erb within layouts/application (0.6ms)
  Rendered layouts/_shim.html.erb (0.0ms)
  Rendered layouts/_header.html.erb (1.1ms)
  Rendered layouts/_footer.html.erb (0.5ms)
Completed 200 OK in 27ms (Views: 25.8ms | ActiveRecord: 0.0ms)


Started GET "/assets/application.js?body=1" for 127.0.0.1 at 2014-04-07 22:03:56 -0300
Served asset /application.js - 304 Not Modified (0ms)


Started GET "/assets/application.css?body=1" for 127.0.0.1 at 2014-04-07 22:03:56 -0300
Served asset /application.css - 304 Not Modified (0ms)


Started GET "/home" for 127.0.0.1 at 2014-04-07 22:04:02 -0300

ActionController::RoutingError (No route matches [GET] "/home"):
  actionpack (3.2.13) lib/action_dispatch/middleware/debug_exceptions.rb:21:in `call'
  actionpack (3.2.13) lib/action_dispatch/middleware/show_exceptions.rb:56:in `call'
  railties (3.2.13) lib/rails/rack/logger.rb:32:in `call_app'
  railties (3.2.13) lib/rails/rack/logger.rb:16:in `block in call'
  activesupport (3.2.13) lib/active_support/tagged_logging.rb:22:in `tagged'
  railties (3.2.13) lib/rails/rack/logger.rb:16:in `call'
  actionpack (3.2.13) lib/action_dispatch/middleware/request_id.rb:22:in `call'
  rack (1.4.5) lib/rack/methodoverride.rb:21:in `call'
  rack (1.4.5) lib/rack/runtime.rb:17:in `call'
  activesupport (3.2.13) lib/active_support/cache/strategy/local_cache.rb:72:in `call'
  rack (1.4.5) lib/rack/lock.rb:15:in `call'
  actionpack (3.2.13) lib/action_dispatch/middleware/static.rb:63:in `call'
  railties (3.2.13) lib/rails/engine.rb:479:in `call'
  railties (3.2.13) lib/rails/application.rb:223:in `call'
  rack (1.4.5) lib/rack/content_length.rb:14:in `call'
  railties (3.2.13) lib/rails/rack/log_tailer.rb:17:in `call'
  rack (1.4.5) lib/rack/handler/webrick.rb:59:in `service'
  /home/saasbook/.rvm/rubies/ruby-2.0.0-p353/lib/ruby/2.0.0/webrick/httpserver.rb:138:in `service'
  /home/saasbook/.rvm/rubies/ruby-2.0.0-p353/lib/ruby/2.0.0/webrick/httpserver.rb:94:in `run'
  /home/saasbook/.rvm/rubies/ruby-2.0.0-p353/lib/ruby/2.0.0/webrick/server.rb:295:in `block in start_thread'


  Rendered /home/saasbook/.rvm/gems/ruby-2.0.0-p353/gems/actionpack-3.2.13/lib/action_dispatch/middleware/templates/rescues/routing_error.erb within rescues/layout (1.4ms)


Started GET "/home" for 127.0.0.1 at 2014-04-07 22:04:07 -0300

ActionController::RoutingError (No route matches [GET] "/home"):
  actionpack (3.2.13) lib/action_dispatch/middleware/debug_exceptions.rb:21:in `call'
  actionpack (3.2.13) lib/action_dispatch/middleware/show_exceptions.rb:56:in `call'
  railties (3.2.13) lib/rails/rack/logger.rb:32:in `call_app'
  railties (3.2.13) lib/rails/rack/logger.rb:16:in `block in call'
  activesupport (3.2.13) lib/active_support/tagged_logging.rb:22:in `tagged'
  railties (3.2.13) lib/rails/rack/logger.rb:16:in `call'
  actionpack (3.2.13) lib/action_dispatch/middleware/request_id.rb:22:in `call'
  rack (1.4.5) lib/rack/methodoverride.rb:21:in `call'
  rack (1.4.5) lib/rack/runtime.rb:17:in `call'
  activesupport (3.2.13) lib/active_support/cache/strategy/local_cache.rb:72:in `call'
  rack (1.4.5) lib/rack/lock.rb:15:in `call'
  actionpack (3.2.13) lib/action_dispatch/middleware/static.rb:63:in `call'
  railties (3.2.13) lib/rails/engine.rb:479:in `call'
  railties (3.2.13) lib/rails/application.rb:223:in `call'
  rack (1.4.5) lib/rack/content_length.rb:14:in `call'
  railties (3.2.13) lib/rails/rack/log_tailer.rb:17:in `call'
  rack (1.4.5) lib/rack/handler/webrick.rb:59:in `service'
  /home/saasbook/.rvm/rubies/ruby-2.0.0-p353/lib/ruby/2.0.0/webrick/httpserver.rb:138:in `service'
  /home/saasbook/.rvm/rubies/ruby-2.0.0-p353/lib/ruby/2.0.0/webrick/httpserver.rb:94:in `run'
  /home/saasbook/.rvm/rubies/ruby-2.0.0-p353/lib/ruby/2.0.0/webrick/server.rb:295:in `block in start_thread'


  Rendered /home/saasbook/.rvm/gems/ruby-2.0.0-p353/gems/actionpack-3.2.13/lib/action_dispatch/middleware/templates/rescues/routing_error.erb within rescues/layout (1.0ms)


Started GET "/" for 127.0.0.1 at 2014-04-07 22:04:11 -0300
Processing by StaticPagesController#home as HTML
  Rendered static_pages/home.html.erb within layouts/application (0.3ms)
  Rendered layouts/_shim.html.erb (0.0ms)
  Rendered layouts/_header.html.erb (0.6ms)
  Rendered layouts/_footer.html.erb (0.9ms)
Completed 200 OK in 8ms (Views: 6.0ms | ActiveRecord: 0.0ms)


Started GET "/assets/application.css?body=1" for 127.0.0.1 at 2014-04-07 22:04:11 -0300
Served asset /application.css - 304 Not Modified (0ms)


Started GET "/assets/application.js?body=1" for 127.0.0.1 at 2014-04-07 22:04:11 -0300
Served asset /application.js - 304 Not Modified (0ms)


Started GET "/assets/rails.png" for 127.0.0.1 at 2014-04-07 22:04:11 -0300
Served asset /rails.png - 304 Not Modified (0ms)


Started GET "/about" for 127.0.0.1 at 2014-04-07 22:04:54 -0300
Processing by StaticPagesController#about as HTML
  Rendered static_pages/about.html.erb within layouts/application (0.5ms)
  Rendered layouts/_shim.html.erb (0.0ms)
  Rendered layouts/_header.html.erb (0.7ms)
  Rendered layouts/_footer.html.erb (0.4ms)
Completed 200 OK in 13ms (Views: 12.0ms | ActiveRecord: 0.0ms)


Started GET "/assets/application.css?body=1" for 127.0.0.1 at 2014-04-07 22:04:54 -0300
Served asset /application.css - 304 Not Modified (0ms)


Started GET "/assets/application.js?body=1" for 127.0.0.1 at 2014-04-07 22:04:54 -0300
Served asset /application.js - 304 Not Modified (0ms)
